16-11-2016 12:05:50 ERROR Builder:16 - ERRRO
16-11-2016 14:09:58 ERROR Builder:24 - java.lang.NullPointerException
16-11-2016 14:11:34 ERROR Builder:24 - java.lang.NullPointerException
16-11-2016 14:11:34 ERROR Builder:33 - java.lang.NullPointerException
16-11-2016 14:12:44 ERROR Builder:24 - java.lang.NullPointerException
16-11-2016 14:12:44 ERROR Builder:33 - java.lang.NullPointerException
16-11-2016 14:14:11 ERROR Builder:28 - java.lang.NullPointerException
16-11-2016 14:14:11 ERROR Builder:33 - java.lang.NullPointerException
16-11-2016 14:18:30 ERROR Builder:24 - java.lang.NullPointerException
16-11-2016 14:18:30 ERROR Builder:32 - java.lang.NullPointerException
16-11-2016 14:21:25 ERROR Builder:32 - java.lang.NullPointerException
16-11-2016 14:23:53 ERROR Builder:32 - java.lang.NullPointerException
16-11-2016 14:26:46 ERROR Builder:32 - java.lang.NullPointerException
16-11-2016 19:47:29 ERROR Builder:33 - java.lang.NullPointerException
16-11-2016 19:49:25 ERROR Builder:33 - java.lang.NullPointerException
16-11-2016 19:57:42 ERROR Builder:33 - java.lang.NullPointerException
16-11-2016 20:26:24 ERROR Builder:34 - java.lang.NullPointerException
17-11-2016 00:43:54 ERROR Builder:39 - java.lang.NullPointerException
17-11-2016 00:45:03 ERROR Builder:39 - java.lang.NullPointerException
17-11-2016 00:48:43 ERROR Builder:39 - java.lang.NullPointerException
17-11-2016 00:49:12 ERROR Builder:39 - java.lang.NullPointerException
17-11-2016 01:01:09 ERROR Builder:39 - java.lang.NullPointerException
17-11-2016 01:09:27 ERROR Builder:39 - java.lang.NullPointerException
17-11-2016 01:11:44 ERROR Builder:39 - java.lang.NullPointerException
17-11-2016 01:12:20 ERROR Builder:39 - java.lang.NullPointerException
17-11-2016 01:14:03 ERROR Builder:39 - java.lang.NullPointerException
17-11-2016 01:15:01 ERROR Builder:39 - java.lang.NullPointerException
17-11-2016 01:15:28 ERROR Builder:39 - java.lang.NullPointerException
17-11-2016 01:17:50 ERROR Builder:39 - java.lang.NullPointerException
17-11-2016 11:59:04 ERROR Builder:39 - java.lang.NullPointerException
17-11-2016 12:18:02 ERROR Builder:49 - java.lang.NullPointerException
17-11-2016 14:09:43 ERROR Builder:49 - java.lang.NullPointerException
17-11-2016 14:10:09 ERROR Builder:49 - java.lang.NullPointerException
17-11-2016 14:17:07 ERROR Builder:16 - java.lang.NullPointerException
17-11-2016 14:24:49 ERROR Builder:16 - java.lang.NullPointerException
17-11-2016 14:24:55 ERROR Builder:16 - java.lang.NullPointerException
17-11-2016 17:18:30 ERROR Builder:16 - java.lang.NullPointerException
17-11-2016 17:43:22 ERROR Builder:16 - java.lang.NullPointerException
17-11-2016 17:49:19 ERROR Reader:15 - java.lang.NullPointerException
17-11-2016 17:50:12 ERROR Reader:15 - java.lang.NullPointerException
17-11-2016 17:54:57 ERROR Builder:42 - java.lang.NullPointerException
17-11-2016 17:56:12 ERROR Builder:37 - java.lang.NullPointerException
17-11-2016 18:16:16 ERROR Builder:37 - java.lang.NullPointerException
17-11-2016 18:16:39 ERROR Builder:37 - java.lang.NullPointerException
17-11-2016 18:19:19 ERROR Reader:15 - java.lang.NullPointerException
17-11-2016 18:21:03 ERROR Reader:15 - java.lang.NullPointerException
17-11-2016 18:25:11 ERROR Reader:15 - java.lang.NullPointerException
17-11-2016 18:25:16 ERROR Reader:15 - java.lang.NullPointerException
17-11-2016 18:25:21 ERROR Reader:15 - java.lang.NullPointerException
17-11-2016 18:27:45 ERROR Builder:37 - java.lang.NullPointerException
17-11-2016 18:28:20 ERROR Reader:15 - java.lang.NullPointerException
17-11-2016 18:48:12 ERROR Reader:15 - java.lang.NullPointerException
17-11-2016 18:56:31 ERROR Reader:15 - java.lang.NullPointerException
17-11-2016 18:56:38 ERROR Reader:15 - java.lang.NullPointerException
17-11-2016 19:03:08 ERROR Reader:15 - java.lang.NullPointerException
17-11-2016 19:07:49 ERROR Reader:15 - java.lang.NullPointerException
17-11-2016 19:10:02 ERROR Reader:16 - java.lang.NullPointerException
17-11-2016 19:10:53 ERROR Reader:15 - java.lang.NullPointerException
17-11-2016 19:14:16 ERROR Reader:15 - java.lang.NullPointerException
17-11-2016 19:16:37 ERROR Builder:37 - java.lang.NullPointerException
17-11-2016 19:24:18 ERROR Builder:51 - java.lang.NullPointerException
17-11-2016 19:24:42 ERROR Builder:51 - java.lang.NullPointerException
17-11-2016 19:26:01 ERROR Builder:48 - java.lang.NullPointerException
17-11-2016 19:44:53 ERROR Builder:48 - java.lang.NullPointerException
17-11-2016 19:45:22 ERROR Builder:48 - java.lang.NullPointerException
17-11-2016 19:46:11 ERROR Builder:48 - java.lang.NullPointerException
17-11-2016 19:49:47 ERROR Builder:48 - java.lang.NullPointerException
17-11-2016 19:51:34 ERROR Builder:48 - java.lang.ArrayIndexOutOfBoundsException: -1
17-11-2016 20:09:15 ERROR Builder:48 - java.lang.NullPointerException
17-11-2016 20:11:31 ERROR Builder:48 - java.lang.NullPointerException
17-11-2016 20:12:15 ERROR Builder:48 - java.lang.NullPointerException
17-11-2016 20:13:32 ERROR Builder:48 - java.lang.NullPointerException
17-11-2016 20:15:58 ERROR Builder:48 - java.lang.NullPointerException
17-11-2016 20:19:07 ERROR Builder:58 - java.util.NoSuchElementException: No line found
17-11-2016 20:19:07 ERROR Builder:48 - java.lang.NullPointerException
17-11-2016 20:20:54 ERROR Builder:58 - java.util.NoSuchElementException: No line found
17-11-2016 20:20:54 ERROR Builder:27 - java.lang.NullPointerException
17-11-2016 20:21:33 ERROR Builder:58 - java.util.NoSuchElementException: No line found
17-11-2016 20:21:33 ERROR RemoveGarage:27 - java.lang.NullPointerException
17-11-2016 20:23:31 ERROR RemoveGarage:27 - java.lang.NullPointerException
17-11-2016 20:24:30 ERROR RemoveGarage:24 - java.lang.NullPointerException
17-11-2016 20:26:25 ERROR RemoveGarage:24 - java.lang.NullPointerException
18-11-2016 15:38:21 ERROR RemoveGarage:24 - java.lang.NullPointerException
